# JRE version: 7.0_25-b17
# Java VM: Java HotSpot(TM) 64-Bit Server VM (23.25-b01 mixed mode windows-amd64 compressed oops)
Heap
 PSYoungGen      total 140608K, used 125788K [0x00000007d5e00000, 0x00000007e7860000, 0x0000000800000000)
  eden space 127360K, 88% used [0x00000007d5e00000,0x00000007dcbec400,0x00000007dda60000)
  from space 13248K, 99% used [0x00000007dda60000,0x00000007de74af00,0x00000007de750000)
  to   space 17216K, 0% used [0x00000007e6790000,0x00000007e6790000,0x00000007e7860000)
 ParOldGen       total 86272K, used 13645K [0x0000000781a00000, 0x0000000786e40000, 0x00000007d5e00000)
  object space 86272K, 15% used [0x0000000781a00000,0x0000000782753590,0x0000000786e40000)
 PSPermGen       total 39296K, used 39280K [0x000000077c800000, 0x000000077ee60000, 0x0000000781a00000)
  object space 39296K, 99% used [0x000000077c800000,0x000000077ee5c118,0x000000077ee60000)
GC Heap History (10 events):
Event: 3.183 GC heap before
{Heap before GC invocations=3 (full 0):
 PSYoungGen      total 37760K, used 37557K [0x00000007d5e00000, 0x00000007da7c0000, 0x0000000800000000)
  eden space 32384K, 100% used [0x00000007d5e00000,0x00000007d7da0000,0x00000007d7da0000)
  from space 5376K, 96% used [0x00000007d82e0000,0x00000007d87ed7d8,0x00000007d8820000)
  to   space 5376K, 0% used [0x00000007d7da0000,0x00000007d7da0000,0x00000007d82e0000)
 ParOldGen       total 86272K, used 82K [0x0000000781a00000, 0x0000000786e40000, 0x00000007d5e00000)
  object space 86272K, 0% used [0x0000000781a00000,0x0000000781a14ad8,0x0000000786e40000)
 PSPermGen       total 21248K, used 14615K [0x000000077c800000, 0x000000077dcc0000, 0x0000000781a00000)
  object space 21248K, 68% used [0x000000077c800000,0x000000077d645ed8,0x000000077dcc0000)
Event: 3.202 GC heap after
Heap after GC invocations=3 (full 0):
 PSYoungGen      total 37760K, used 5372K [0x00000007d5e00000, 0x00000007da7c0000, 0x0000000800000000)
  eden space 32384K, 0% used [0x00000007d5e00000,0x00000007d5e00000,0x00000007d7da0000)
  from space 5376K, 99% used [0x00000007d7da0000,0x00000007d82df200,0x00000007d82e0000)
  to   space 5376K, 0% used [0x00000007da280000,0x00000007da280000,0x00000007da7c0000)
 ParOldGen       total 86272K, used 2177K [0x0000000781a00000, 0x0000000786e40000, 0x00000007d5e00000)
  object space 86272K, 2% used [0x0000000781a00000,0x0000000781c205d8,0x0000000786e40000)
 PSPermGen       total 21248K, used 14615K [0x000000077c800000, 0x000000077dcc0000, 0x0000000781a00000)
  object space 21248K, 68% used [0x000000077c800000,0x000000077d645ed8,0x000000077dcc0000)
}
Event: 3.567 GC heap before
{Heap before GC invocations=4 (full 0):
 PSYoungGen      total 37760K, used 37756K [0x00000007d5e00000, 0x00000007da7c0000, 0x0000000800000000)
  eden space 32384K, 100% used [0x00000007d5e00000,0x00000007d7da0000,0x00000007d7da0000)
  from space 5376K, 99% used [0x00000007d7da0000,0x00000007d82df200,0x00000007d82e0000)
  to   space 5376K, 0% used [0x00000007da280000,0x00000007da280000,0x00000007da7c0000)
 ParOldGen       total 86272K, used 2177K [0x0000000781a00000, 0x0000000786e40000, 0x00000007d5e00000)
  object space 86272K, 2% used [0x0000000781a00000,0x0000000781c205d8,0x0000000786e40000)
 PSPermGen       total 21248K, used 14816K [0x000000077c800000, 0x000000077dcc0000, 0x0000000781a00000)
  object space 21248K, 69% used [0x000000077c800000,0x000000077d6783c0,0x000000077dcc0000)
Event: 3.577 GC heap after
Heap after GC invocations=4 (full 0):
 PSYoungGen      total 70144K, used 5360K [0x00000007d5e00000, 0x00000007da7c0000, 0x0000000800000000)
  eden space 64768K, 0% used [0x00000007d5e00000,0x00000007d5e00000,0x00000007d9d40000)
  from space 5376K, 99% used [0x00000007da280000,0x00000007da7bc2e8,0x00000007da7c0000)
  to   space 5376K, 0% used [0x00000007d9d40000,0x00000007d9d40000,0x00000007da280000)
 ParOldGen       total 86272K, used 3607K [0x0000000781a00000, 0x0000000786e40000, 0x00000007d5e00000)
  object space 86272K, 4% used [0x0000000781a00000,0x0000000781d85cb8,0x0000000786e40000)
 PSPermGen       total 21248K, used 14816K [0x000000077c800000, 0x000000077dcc0000, 0x0000000781a00000)
  object space 21248K, 69% used [0x000000077c800000,0x000000077d6783c0,0x000000077dcc0000)
}
Event: 4.342 GC heap before
{Heap before GC invocations=5 (full 0):
 PSYoungGen      total 70144K, used 70128K [0x00000007d5e00000, 0x00000007da7c0000, 0x0000000800000000)
  eden space 64768K, 100% used [0x00000007d5e00000,0x00000007d9d40000,0x00000007d9d40000)
  from space 5376K, 99% used [0x00000007da280000,0x00000007da7bc2e8,0x00000007da7c0000)
  to   space 5376K, 0% used [0x00000007d9d40000,0x00000007d9d40000,0x00000007da280000)
 ParOldGen       total 86272K, used 3607K [0x0000000781a00000, 0x0000000786e40000, 0x00000007d5e00000)
  object space 86272K, 4% used [0x0000000781a00000,0x0000000781d85cb8,0x0000000786e40000)
 PSPermGen       total 21248K, used 17908K [0x000000077c800000, 0x000000077dcc0000, 0x0000000781a00000)
  object space 21248K, 84% used [0x000000077c800000,0x000000077d97d170,0x000000077dcc0000)
Event: 4.356 GC heap after
Heap after GC invocations=5 (full 0):
 PSYoungGen      total 70144K, used 5361K [0x00000007d5e00000, 0x00000007df220000, 0x0000000800000000)
  eden space 64768K, 0% used [0x00000007d5e00000,0x00000007d5e00000,0x00000007d9d40000)
  from space 5376K, 99% used [0x00000007d9d40000,0x00000007da27c500,0x00000007da280000)
  to   space 11072K, 0% used [0x00000007de750000,0x00000007de750000,0x00000007df220000)
 ParOldGen       total 86272K, used 8886K [0x0000000781a00000, 0x0000000786e40000, 0x00000007d5e00000)
  object space 86272K, 10% used [0x0000000781a00000,0x00000007822adb98,0x0000000786e40000)
 PSPermGen       total 21248K, used 17908K [0x000000077c800000, 0x000000077dcc0000, 0x0000000781a00000)
  object space 21248K, 84% used [0x000000077c800000,0x000000077d97d170,0x000000077dcc0000)
}
Event: 6.349 GC heap before
{Heap before GC invocations=6 (full 0):
 PSYoungGen      total 70144K, used 70129K [0x00000007d5e00000, 0x00000007df220000, 0x0000000800000000)
  eden space 64768K, 100% used [0x00000007d5e00000,0x00000007d9d40000,0x00000007d9d40000)
  from space 5376K, 99% used [0x00000007d9d40000,0x00000007da27c500,0x00000007da280000)
  to   space 11072K, 0% used [0x00000007de750000,0x00000007de750000,0x00000007df220000)
 ParOldGen       total 86272K, used 8886K [0x0000000781a00000, 0x0000000786e40000, 0x00000007d5e00000)
  object space 86272K, 10% used [0x0000000781a00000,0x00000007822adb98,0x0000000786e40000)
 PSPermGen       total 21248K, used 18377K [0x000000077c800000, 0x000000077dcc0000, 0x0000000781a00000)
  object space 21248K, 86% used [0x000000077c800000,0x000000077d9f2428,0x000000077dcc0000)
Event: 6.365 GC heap after
Heap after GC invocations=6 (full 0):
 PSYoungGen      total 138432K, used 11049K [0x00000007d5e00000, 0x00000007df660000, 0x0000000800000000)
  eden space 127360K, 0% used [0x00000007d5e00000,0x00000007d5e00000,0x00000007dda60000)
  from space 11072K, 99% used [0x00000007de750000,0x00000007df21a5b8,0x00000007df220000)
  to   space 13248K, 0% used [0x00000007dda60000,0x00000007dda60000,0x00000007de750000)
 ParOldGen       total 86272K, used 9733K [0x0000000781a00000, 0x0000000786e40000, 0x00000007d5e00000)
  object space 86272K, 11% used [0x0000000781a00000,0x0000000782381500,0x0000000786e40000)
 PSPermGen       total 21248K, used 18377K [0x000000077c800000, 0x000000077dcc0000, 0x0000000781a00000)
  object space 21248K, 86% used [0x000000077c800000,0x000000077d9f2428,0x000000077dcc0000)
}
Event: 10.801 GC heap before
{Heap before GC invocations=7 (full 0):
 PSYoungGen      total 138432K, used 138409K [0x00000007d5e00000, 0x00000007df660000, 0x0000000800000000)
  eden space 127360K, 100% used [0x00000007d5e00000,0x00000007dda60000,0x00000007dda60000)
  from space 11072K, 99% used [0x00000007de750000,0x00000007df21a5b8,0x00000007df220000)
  to   space 13248K, 0% used [0x00000007dda60000,0x00000007dda60000,0x00000007de750000)
 ParOldGen       total 86272K, used 9733K [0x0000000781a00000, 0x0000000786e40000, 0x00000007d5e00000)
  object space 86272K, 11% used [0x0000000781a00000,0x0000000782381500,0x0000000786e40000)
 PSPermGen       total 26816K, used 26767K [0x000000077c800000, 0x000000077e230000, 0x0000000781a00000)
  object space 26816K, 99% used [0x000000077c800000,0x000000077e223dc0,0x000000077e230000)
Event: 10.824 GC heap after
Heap after GC invocations=7 (full 0):
 PSYoungGen      total 140608K, used 13227K [0x00000007d5e00000, 0x00000007e7860000, 0x0000000800000000)
  eden space 127360K, 0% used [0x00000007d5e00000,0x00000007d5e00000,0x00000007dda60000)
  from space 13248K, 99% used [0x00000007dda60000,0x00000007de74af00,0x00000007de750000)
  to   space 17216K, 0% used [0x00000007e6790000,0x00000007e6790000,0x00000007e7860000)
 ParOldGen       total 86272K, used 13645K [0x0000000781a00000, 0x0000000786e40000, 0x00000007d5e00000)
  object space 86272K, 15% used [0x0000000781a00000,0x0000000782753590,0x0000000786e40000)
 PSPermGen       total 26816K, used 26767K [0x000000077c800000, 0x000000077e230000, 0x0000000781a00000)
  object space 26816K, 99% used [0x000000077c800000,0x000000077e223dc0,0x000000077e230000)
}

