# JRE version: 7.0_25-b17
# Java VM: Java HotSpot(TM) 64-Bit Server VM (23.25-b01 mixed mode windows-amd64 compressed oops)
Heap
 PSYoungGen      total 140480K, used 112375K [0x00000007d5e00000, 0x00000007e77a0000, 0x0000000800000000)
  eden space 127360K, 77% used [0x00000007d5e00000,0x00000007dbef32e0,0x00000007dda60000)
  from space 13120K, 99% used [0x00000007dda60000,0x00000007de72a9a0,0x00000007de730000)
  to   space 16832K, 0% used [0x00000007e6730000,0x00000007e6730000,0x00000007e77a0000)
 ParOldGen       total 86272K, used 13258K [0x0000000781a00000, 0x0000000786e40000, 0x00000007d5e00000)
  object space 86272K, 15% used [0x0000000781a00000,0x00000007826f2b48,0x0000000786e40000)
 PSPermGen       total 39104K, used 38932K [0x000000077c800000, 0x000000077ee30000, 0x0000000781a00000)
  object space 39104K, 99% used [0x000000077c800000,0x000000077ee05090,0x000000077ee30000)
GC Heap History (10 events):
Event: 3.045 GC heap before
{Heap before GC invocations=3 (full 0):
 PSYoungGen      total 37760K, used 37733K [0x00000007d5e00000, 0x00000007da7c0000, 0x0000000800000000)
  eden space 32384K, 100% used [0x00000007d5e00000,0x00000007d7da0000,0x00000007d7da0000)
  from space 5376K, 99% used [0x00000007d82e0000,0x00000007d88197e8,0x00000007d8820000)
  to   space 5376K, 0% used [0x00000007d7da0000,0x00000007d7da0000,0x00000007d82e0000)
 ParOldGen       total 86272K, used 236K [0x0000000781a00000, 0x0000000786e40000, 0x00000007d5e00000)
  object space 86272K, 0% used [0x0000000781a00000,0x0000000781a3b100,0x0000000786e40000)
 PSPermGen       total 21248K, used 14618K [0x000000077c800000, 0x000000077dcc0000, 0x0000000781a00000)
  object space 21248K, 68% used [0x000000077c800000,0x000000077d6469e8,0x000000077dcc0000)
Event: 3.058 GC heap after
Heap after GC invocations=3 (full 0):
 PSYoungGen      total 37760K, used 5365K [0x00000007d5e00000, 0x00000007da7c0000, 0x0000000800000000)
  eden space 32384K, 0% used [0x00000007d5e00000,0x00000007d5e00000,0x00000007d7da0000)
  from space 5376K, 99% used [0x00000007d7da0000,0x00000007d82dd7d8,0x00000007d82e0000)
  to   space 5376K, 0% used [0x00000007da280000,0x00000007da280000,0x00000007da7c0000)
 ParOldGen       total 86272K, used 2289K [0x0000000781a00000, 0x0000000786e40000, 0x00000007d5e00000)
  object space 86272K, 2% used [0x0000000781a00000,0x0000000781c3c548,0x0000000786e40000)
 PSPermGen       total 21248K, used 14618K [0x000000077c800000, 0x000000077dcc0000, 0x0000000781a00000)
  object space 21248K, 68% used [0x000000077c800000,0x000000077d6469e8,0x000000077dcc0000)
}
Event: 3.383 GC heap before
{Heap before GC invocations=4 (full 0):
 PSYoungGen      total 37760K, used 37749K [0x00000007d5e00000, 0x00000007da7c0000, 0x0000000800000000)
  eden space 32384K, 100% used [0x00000007d5e00000,0x00000007d7da0000,0x00000007d7da0000)
  from space 5376K, 99% used [0x00000007d7da0000,0x00000007d82dd7d8,0x00000007d82e0000)
  to   space 5376K, 0% used [0x00000007da280000,0x00000007da280000,0x00000007da7c0000)
 ParOldGen       total 86272K, used 2289K [0x0000000781a00000, 0x0000000786e40000, 0x00000007d5e00000)
  object space 86272K, 2% used [0x0000000781a00000,0x0000000781c3c548,0x0000000786e40000)
 PSPermGen       total 21248K, used 14814K [0x000000077c800000, 0x000000077dcc0000, 0x0000000781a00000)
  object space 21248K, 69% used [0x000000077c800000,0x000000077d677aa8,0x000000077dcc0000)
Event: 3.391 GC heap after
Heap after GC invocations=4 (full 0):
 PSYoungGen      total 70144K, used 5367K [0x00000007d5e00000, 0x00000007da7c0000, 0x0000000800000000)
  eden space 64768K, 0% used [0x00000007d5e00000,0x00000007d5e00000,0x00000007d9d40000)
  from space 5376K, 99% used [0x00000007da280000,0x00000007da7bdd10,0x00000007da7c0000)
  to   space 5376K, 0% used [0x00000007d9d40000,0x00000007d9d40000,0x00000007da280000)
 ParOldGen       total 86272K, used 3682K [0x0000000781a00000, 0x0000000786e40000, 0x00000007d5e00000)
  object space 86272K, 4% used [0x0000000781a00000,0x0000000781d98a38,0x0000000786e40000)
 PSPermGen       total 21248K, used 14814K [0x000000077c800000, 0x000000077dcc0000, 0x0000000781a00000)
  object space 21248K, 69% used [0x000000077c800000,0x000000077d677aa8,0x000000077dcc0000)
}
Event: 4.303 GC heap before
{Heap before GC invocations=5 (full 0):
 PSYoungGen      total 70144K, used 70135K [0x00000007d5e00000, 0x00000007da7c0000, 0x0000000800000000)
  eden space 64768K, 100% used [0x00000007d5e00000,0x00000007d9d40000,0x00000007d9d40000)
  from space 5376K, 99% used [0x00000007da280000,0x00000007da7bdd10,0x00000007da7c0000)
  to   space 5376K, 0% used [0x00000007d9d40000,0x00000007d9d40000,0x00000007da280000)
 ParOldGen       total 86272K, used 3682K [0x0000000781a00000, 0x0000000786e40000, 0x00000007d5e00000)
  object space 86272K, 4% used [0x0000000781a00000,0x0000000781d98a38,0x0000000786e40000)
 PSPermGen       total 21248K, used 17906K [0x000000077c800000, 0x000000077dcc0000, 0x0000000781a00000)
  object space 21248K, 84% used [0x000000077c800000,0x000000077d97c920,0x000000077dcc0000)
Event: 4.313 GC heap after
Heap after GC invocations=5 (full 0):
 PSYoungGen      total 70144K, used 5372K [0x00000007d5e00000, 0x00000007df1e0000, 0x0000000800000000)
  eden space 64768K, 0% used [0x00000007d5e00000,0x00000007d5e00000,0x00000007d9d40000)
  from space 5376K, 99% used [0x00000007d9d40000,0x00000007da27f200,0x00000007da280000)
  to   space 10944K, 0% used [0x00000007de730000,0x00000007de730000,0x00000007df1e0000)
 ParOldGen       total 86272K, used 8750K [0x0000000781a00000, 0x0000000786e40000, 0x00000007d5e00000)
  object space 86272K, 10% used [0x0000000781a00000,0x000000078228b838,0x0000000786e40000)
 PSPermGen       total 21248K, used 17906K [0x000000077c800000, 0x000000077dcc0000, 0x0000000781a00000)
  object space 21248K, 84% used [0x000000077c800000,0x000000077d97c920,0x000000077dcc0000)
}
Event: 5.662 GC heap before
{Heap before GC invocations=6 (full 0):
 PSYoungGen      total 70144K, used 70140K [0x00000007d5e00000, 0x00000007df1e0000, 0x0000000800000000)
  eden space 64768K, 100% used [0x00000007d5e00000,0x00000007d9d40000,0x00000007d9d40000)
  from space 5376K, 99% used [0x00000007d9d40000,0x00000007da27f200,0x00000007da280000)
  to   space 10944K, 0% used [0x00000007de730000,0x00000007de730000,0x00000007df1e0000)
 ParOldGen       total 86272K, used 8750K [0x0000000781a00000, 0x0000000786e40000, 0x00000007d5e00000)
  object space 86272K, 10% used [0x0000000781a00000,0x000000078228b838,0x0000000786e40000)
 PSPermGen       total 21248K, used 18368K [0x000000077c800000, 0x000000077dcc0000, 0x0000000781a00000)
  object space 21248K, 86% used [0x000000077c800000,0x000000077d9f0170,0x000000077dcc0000)
Event: 5.677 GC heap after
Heap after GC invocations=6 (full 0):
 PSYoungGen      total 138304K, used 10931K [0x00000007d5e00000, 0x00000007df620000, 0x0000000800000000)
  eden space 127360K, 0% used [0x00000007d5e00000,0x00000007d5e00000,0x00000007dda60000)
  from space 10944K, 99% used [0x00000007de730000,0x00000007df1dcd90,0x00000007df1e0000)
  to   space 13120K, 0% used [0x00000007dda60000,0x00000007dda60000,0x00000007de730000)
 ParOldGen       total 86272K, used 9759K [0x0000000781a00000, 0x0000000786e40000, 0x00000007d5e00000)
  object space 86272K, 11% used [0x0000000781a00000,0x0000000782387c70,0x0000000786e40000)
 PSPermGen       total 21248K, used 18368K [0x000000077c800000, 0x000000077dcc0000, 0x0000000781a00000)
  object space 21248K, 86% used [0x000000077c800000,0x000000077d9f0170,0x000000077dcc0000)
}
Event: 9.951 GC heap before
{Heap before GC invocations=7 (full 0):
 PSYoungGen      total 138304K, used 138291K [0x00000007d5e00000, 0x00000007df620000, 0x0000000800000000)
  eden space 127360K, 100% used [0x00000007d5e00000,0x00000007dda60000,0x00000007dda60000)
  from space 10944K, 99% used [0x00000007de730000,0x00000007df1dcd90,0x00000007df1e0000)
  to   space 13120K, 0% used [0x00000007dda60000,0x00000007dda60000,0x00000007de730000)
 ParOldGen       total 86272K, used 9759K [0x0000000781a00000, 0x0000000786e40000, 0x00000007d5e00000)
  object space 86272K, 11% used [0x0000000781a00000,0x0000000782387c70,0x0000000786e40000)
 PSPermGen       total 27584K, used 27405K [0x000000077c800000, 0x000000077e2f0000, 0x0000000781a00000)
  object space 27584K, 99% used [0x000000077c800000,0x000000077e2c34a8,0x000000077e2f0000)
Event: 9.983 GC heap after
Heap after GC invocations=7 (full 0):
 PSYoungGen      total 140480K, used 13098K [0x00000007d5e00000, 0x00000007e77a0000, 0x0000000800000000)
  eden space 127360K, 0% used [0x00000007d5e00000,0x00000007d5e00000,0x00000007dda60000)
  from space 13120K, 99% used [0x00000007dda60000,0x00000007de72a9a0,0x00000007de730000)
  to   space 16832K, 0% used [0x00000007e6730000,0x00000007e6730000,0x00000007e77a0000)
 ParOldGen       total 86272K, used 13258K [0x0000000781a00000, 0x0000000786e40000, 0x00000007d5e00000)
  object space 86272K, 15% used [0x0000000781a00000,0x00000007826f2b48,0x0000000786e40000)
 PSPermGen       total 27584K, used 27405K [0x000000077c800000, 0x000000077e2f0000, 0x0000000781a00000)
  object space 27584K, 99% used [0x000000077c800000,0x000000077e2c34a8,0x000000077e2f0000)
}

